<?xml version="1.0" encoding="UTF-8"?>
<testsuite name="com.csc.TestTriangleNumberCalculator" tests="9" skipped="0" failures="0" errors="0" timestamp="2024-10-21T01:36:40" hostname="JEROMESLAPTOP" time="0.062">
  <properties/>
  <testcase name="TestAdd1N1()" classname="com.csc.TestTriangleNumberCalculator" time="0.026"/>
  <testcase name="TestAdd2N3()" classname="com.csc.TestTriangleNumberCalculator" time="0.003"/>
  <testcase name="TestAdd4N2()" classname="com.csc.TestTriangleNumberCalculator" time="0.002"/>
  <testcase name="TestValue1()" classname="com.csc.TestTriangleNumberCalculator" time="0.003"/>
  <testcase name="TestValue2()" classname="com.csc.TestTriangleNumberCalculator" time="0.002"/>
  <testcase name="TestValue4()" classname="com.csc.TestTriangleNumberCalculator" time="0.001"/>
  <testcase name="TestSubract1N1()" classname="com.csc.TestTriangleNumberCalculator" time="0.002"/>
  <testcase name="TestSubtract2N3()" classname="com.csc.TestTriangleNumberCalculator" time="0.002"/>
  <testcase name="TestSubtract4N2()" classname="com.csc.TestTriangleNumberCalculator" time="0.002"/>
  <system-out><![CDATA[]]></system-out>
  <system-err><![CDATA[]]></system-err>
</testsuite>
